<?xml version="1.0" encoding="UTF-8"?>
<testsuite name="MyFirstTest" tests="1" skipped="0" failures="0" errors="0" timestamp="2024-08-13T16:55:08" hostname="DESKTOP-CMOQP1A" time="5.875">
  <properties/>
  <testcase name="myFirstTst()" classname="MyFirstTest" time="5.875"/>
  <system-out><![CDATA[]]></system-out>
  <system-err><![CDATA[]]></system-err>
</testsuite>
